15-Jan-2017 13:12:26.400 INFO [localhost-startStop-1] org.apache.catalina.core.ApplicationContext.log ContextListener: contextInitialized()
15-Jan-2017 13:12:26.400 INFO [localhost-startStop-1] org.apache.catalina.core.ApplicationContext.log SessionListener: contextInitialized()
15-Jan-2017 13:12:34.545 SEVERE [http-nio-8080-exec-5] org.apache.catalina.core.ApplicationContext.log StandardWrapper.Throwable
 java.lang.RuntimeException: Unable to instantiate ContextResolver
	at org.jboss.resteasy.spi.ResteasyProviderFactory.registerProvider(ResteasyProviderFactory.java:926)
	at org.jboss.resteasy.spi.ResteasyProviderFactory.registerProvider(ResteasyProviderFactory.java:820)
	at org.jboss.resteasy.plugins.server.servlet.ServletContainerDispatcher.processApplication(ServletContainerDispatcher.java:158)
	at org.jboss.resteasy.plugins.server.servlet.ServletContainerDispatcher.init(ServletContainerDispatcher.java:90)
	at org.jboss.resteasy.plugins.server.servlet.HttpServletDispatcher.init(HttpServletDispatcher.java:36)
	at org.apache.catalina.core.StandardWrapper.initServlet(StandardWrapper.java:1231)
	at org.apache.catalina.core.StandardWrapper.loadServlet(StandardWrapper.java:1144)
	at org.apache.catalina.core.StandardWrapper.allocate(StandardWrapper.java:817)
	at org.apache.catalina.core.StandardWrapperValve.invoke(StandardWrapperValve.java:135)
	at org.apache.catalina.core.StandardContextValve.invoke(StandardContextValve.java:106)
	at org.apache.catalina.authenticator.AuthenticatorBase.invoke(AuthenticatorBase.java:502)
	at org.apache.catalina.core.StandardHostValve.invoke(StandardHostValve.java:142)
	at org.apache.catalina.valves.ErrorReportValve.invoke(ErrorReportValve.java:79)
	at org.apache.catalina.valves.AbstractAccessLogValve.invoke(AbstractAccessLogValve.java:617)
	at org.apache.catalina.core.StandardEngineValve.invoke(StandardEngineValve.java:88)
	at org.apache.catalina.connector.CoyoteAdapter.service(CoyoteAdapter.java:518)
	at org.apache.coyote.http11.AbstractHttp11Processor.process(AbstractHttp11Processor.java:1091)
	at org.apache.coyote.AbstractProtocol$AbstractConnectionHandler.process(AbstractProtocol.java:668)
	at org.apache.tomcat.util.net.NioEndpoint$SocketProcessor.doRun(NioEndpoint.java:1527)
	at org.apache.tomcat.util.net.NioEndpoint$SocketProcessor.run(NioEndpoint.java:1484)
	at java.util.concurrent.ThreadPoolExecutor.runWorker(ThreadPoolExecutor.java:1142)
	at java.util.concurrent.ThreadPoolExecutor$Worker.run(ThreadPoolExecutor.java:617)
	at org.apache.tomcat.util.threads.TaskThread$WrappingRunnable.run(TaskThread.java:61)
	at java.lang.Thread.run(Thread.java:745)
Caused by: java.util.ConcurrentModificationException
	at java.util.ArrayList.sort(ArrayList.java:1456)
	at java.util.Collections.sort(Collections.java:141)
	at org.jboss.resteasy.core.MediaTypeMap.add(MediaTypeMap.java:281)
	at org.jboss.resteasy.spi.ResteasyProviderFactory.addContextResolver(ResteasyProviderFactory.java:730)
	at org.jboss.resteasy.spi.ResteasyProviderFactory.addContextResolver(ResteasyProviderFactory.java:700)
	at org.jboss.resteasy.spi.ResteasyProviderFactory.addContextResolver(ResteasyProviderFactory.java:685)
	at org.jboss.resteasy.spi.ResteasyProviderFactory.registerProvider(ResteasyProviderFactory.java:922)
	... 23 more

15-Jan-2017 13:12:34.548 SEVERE [http-nio-8080-exec-5] org.apache.catalina.core.StandardWrapperValve.invoke Allocate exception for servlet Engine Api
 java.util.ConcurrentModificationException
	at java.util.ArrayList.sort(ArrayList.java:1456)
	at java.util.Collections.sort(Collections.java:141)
	at org.jboss.resteasy.core.MediaTypeMap.add(MediaTypeMap.java:281)
	at org.jboss.resteasy.spi.ResteasyProviderFactory.addContextResolver(ResteasyProviderFactory.java:730)
	at org.jboss.resteasy.spi.ResteasyProviderFactory.addContextResolver(ResteasyProviderFactory.java:700)
	at org.jboss.resteasy.spi.ResteasyProviderFactory.addContextResolver(ResteasyProviderFactory.java:685)
	at org.jboss.resteasy.spi.ResteasyProviderFactory.registerProvider(ResteasyProviderFactory.java:922)
	at org.jboss.resteasy.spi.ResteasyProviderFactory.registerProvider(ResteasyProviderFactory.java:820)
	at org.jboss.resteasy.plugins.server.servlet.ServletContainerDispatcher.processApplication(ServletContainerDispatcher.java:158)
	at org.jboss.resteasy.plugins.server.servlet.ServletContainerDispatcher.init(ServletContainerDispatcher.java:90)
	at org.jboss.resteasy.plugins.server.servlet.HttpServletDispatcher.init(HttpServletDispatcher.java:36)
	at org.apache.catalina.core.StandardWrapper.initServlet(StandardWrapper.java:1231)
	at org.apache.catalina.core.StandardWrapper.loadServlet(StandardWrapper.java:1144)
	at org.apache.catalina.core.StandardWrapper.allocate(StandardWrapper.java:817)
	at org.apache.catalina.core.StandardWrapperValve.invoke(StandardWrapperValve.java:135)
	at org.apache.catalina.core.StandardContextValve.invoke(StandardContextValve.java:106)
	at org.apache.catalina.authenticator.AuthenticatorBase.invoke(AuthenticatorBase.java:502)
	at org.apache.catalina.core.StandardHostValve.invoke(StandardHostValve.java:142)
	at org.apache.catalina.valves.ErrorReportValve.invoke(ErrorReportValve.java:79)
	at org.apache.catalina.valves.AbstractAccessLogValve.invoke(AbstractAccessLogValve.java:617)
	at org.apache.catalina.core.StandardEngineValve.invoke(StandardEngineValve.java:88)
	at org.apache.catalina.connector.CoyoteAdapter.service(CoyoteAdapter.java:518)
	at org.apache.coyote.http11.AbstractHttp11Processor.process(AbstractHttp11Processor.java:1091)
	at org.apache.coyote.AbstractProtocol$AbstractConnectionHandler.process(AbstractProtocol.java:668)
	at org.apache.tomcat.util.net.NioEndpoint$SocketProcessor.doRun(NioEndpoint.java:1527)
	at org.apache.tomcat.util.net.NioEndpoint$SocketProcessor.run(NioEndpoint.java:1484)
	at java.util.concurrent.ThreadPoolExecutor.runWorker(ThreadPoolExecutor.java:1142)
	at java.util.concurrent.ThreadPoolExecutor$Worker.run(ThreadPoolExecutor.java:617)
	at org.apache.tomcat.util.threads.TaskThread$WrappingRunnable.run(TaskThread.java:61)
	at java.lang.Thread.run(Thread.java:745)

